<?xml version="1.0" encoding="UTF-8"?>
<testsuite xmlns:xsi="http://www.w3.org/2001/XMLSchema-instance" xsi:noNamespaceSchemaLocation="https://maven.apache.org/surefire/maven-surefire-plugin/xsd/surefire-test-report.xsd" name="sn.ndongoinformatique.forage.IDaoFactureImplTest" time="1.008" tests="4" errors="0" skipped="0" failures="0">
  <properties>
[...]
</properties>
  <testcase name="testList" classname="sn.ndongoinformatique.forage.IDaoFactureImplTest" time="0.001"/>
  <testcase name="testCreate" classname="sn.ndongoinformatique.forage.IDaoFactureImplTest" time="0.783"/>
  <testcase name="testDelete" classname="sn.ndongoinformatique.forage.IDaoFactureImplTest" time="0.217"/>
  <testcase name="testUpdate" classname="sn.ndongoinformatique.forage.IDaoFactureImplTest" time="0"/>
</testsuite>